[[10.0, 4.900970322023818],
 [9.84258837862552, 10.0],
 [0.0, 8.426228031715517],
 [10.0, 7.222752944301373],
 [1.9345552584860337, 10.0],
 [9.537768080571304, 10.0],
 [0.0, 9.246944131415045],
 [0.0, 7.077891069431434],
 [1.7196273067414336, 0.0],
 [6.129855332621828, 10.0],
 [10.0, 0.05798929237701311],
 [0.0, 4.71599699223607],
 [10.0, 6.025152883342918],
 [0.0, 4.2320137646722795],
 [8.395489270461262, 10.0],
 [5.251365859412104, 10.0],
 [10.0, 0.8295060108096342],
 [0.0, 2.2262765870594126],
 [10.0, 2.2877711546088433],
 [10.0, 8.092398336488602],
 [10.0, 5.397192878643388],
 [8.198589620250235, 0.0],
 [10.0, 0.41632875891362],
 [0.0, 1.2618428277299298],
 [6.298338476508305, 10.0],
 [0.0, 6.076054742965853],
 [3.356159697202774, 0.0],
 [3.028093792542148, 10.0],
 [0.0, 6.301448820593684],
 [9.406675399298997, 10.0]]
----------
obecnie znana otoczka
[[0.0, 1.2618428277299298],
 [0.0, 2.2262765870594126],
 [0.0, 4.2320137646722795]]
szukam lewej stycznej z [0.0, 4.71599699223607]
znaleziono lewa styczna 2
obecnie znana otoczka
[[0.0, 4.2320137646722795], [0.0, 4.71599699223607]]
szukam lewej stycznej z [0.0, 6.076054742965853]
znaleziono lewa styczna 1
obecnie znana otoczka
[[0.0, 2.2262765870594126], [0.0, 6.076054742965853]]
szukam lewej stycznej z [0.0, 6.301448820593684]
znaleziono lewa styczna 1
obecnie znana otoczka
[[0.0, 2.2262765870594126], [0.0, 6.301448820593684]]
szukam lewej stycznej z [0.0, 7.077891069431434]
znaleziono lewa styczna 1
obecnie znana otoczka
[[0.0, 2.2262765870594126], [0.0, 7.077891069431434]]
szukam lewej stycznej z [0.0, 8.426228031715517]
znaleziono lewa styczna 1
obecnie znana otoczka
[[0.0, 2.2262765870594126], [0.0, 8.426228031715517]]
szukam lewej stycznej z [0.0, 9.246944131415045]
znaleziono lewa styczna 1
obecnie znana otoczka
[[0.0, 2.2262765870594126], [0.0, 9.246944131415045]]
szukam lewej stycznej z [1.7196273067414336, 0.0]
znaleziono lewa styczna 0
obecnie znana otoczka
[[0.0, 2.2262765870594126], [1.7196273067414336, 0.0], [0.0, 9.246944131415045]]
szukam lewej stycznej z [1.9345552584860337, 10.0]
znaleziono lewa styczna 1
obecnie znana otoczka
[[0.0, 2.2262765870594126], [1.9345552584860337, 10.0]]
szukam lewej stycznej z [3.028093792542148, 10.0]
znaleziono lewa styczna 1
obecnie znana otoczka
[[0.0, 2.2262765870594126], [3.028093792542148, 10.0]]
szukam lewej stycznej z [3.356159697202774, 0.0]
znaleziono lewa styczna 0
obecnie znana otoczka
[[0.0, 2.2262765870594126], [3.356159697202774, 0.0], [3.028093792542148, 10.0]]
szukam lewej stycznej z [5.251365859412104, 10.0]
znaleziono lewa styczna 1
obecnie znana otoczka
[[0.0, 2.2262765870594126], [5.251365859412104, 10.0]]
szukam lewej stycznej z [6.129855332621828, 10.0]
znaleziono lewa styczna 1
obecnie znana otoczka
[[0.0, 2.2262765870594126], [6.129855332621828, 10.0]]
szukam lewej stycznej z [6.298338476508305, 10.0]
znaleziono lewa styczna 1
obecnie znana otoczka
[[0.0, 2.2262765870594126], [6.298338476508305, 10.0]]
szukam lewej stycznej z [8.198589620250235, 0.0]
znaleziono lewa styczna 0
obecnie znana otoczka
[[0.0, 2.2262765870594126], [8.198589620250235, 0.0], [6.298338476508305, 10.0]]
szukam lewej stycznej z [8.395489270461262, 10.0]
znaleziono lewa styczna 1
obecnie znana otoczka
[[0.0, 2.2262765870594126], [8.395489270461262, 10.0]]
szukam lewej stycznej z [9.406675399298997, 10.0]
znaleziono lewa styczna 1
obecnie znana otoczka
[[0.0, 2.2262765870594126], [9.406675399298997, 10.0]]
szukam lewej stycznej z [9.537768080571304, 10.0]
znaleziono lewa styczna 1
obecnie znana otoczka
[[0.0, 2.2262765870594126], [9.537768080571304, 10.0]]
szukam lewej stycznej z [9.84258837862552, 10.0]
znaleziono lewa styczna 1
obecnie znana otoczka
[[0.0, 2.2262765870594126], [9.84258837862552, 10.0]]
szukam lewej stycznej z [10.0, 0.05798929237701311]
znaleziono lewa styczna 1
obecnie znana otoczka
[[0.0, 2.2262765870594126], [10.0, 0.05798929237701311]]
szukam lewej stycznej z [10.0, 0.41632875891362]
znaleziono lewa styczna 1
obecnie znana otoczka
[[10.0, 0.41632875891362],
 [0.0, 2.2262765870594126],
 [10.0, 0.05798929237701311]]
szukam lewej stycznej z [10.0, 0.8295060108096342]
znaleziono lewa styczna 0
obecnie znana otoczka
[[10.0, 0.41632875891362],
 [10.0, 0.8295060108096342],
 [0.0, 2.2262765870594126],
 [10.0, 0.05798929237701311]]
szukam lewej stycznej z [10.0, 2.2877711546088433]
znaleziono lewa styczna 1
obecnie znana otoczka
[[10.0, 0.41632875891362],
 [10.0, 0.8295060108096342],
 [10.0, 2.2877711546088433],
 [0.0, 2.2262765870594126],
 [10.0, 0.05798929237701311]]
szukam lewej stycznej z [10.0, 4.900970322023818]
znaleziono lewa styczna 2
obecnie znana otoczka
[[10.0, 0.41632875891362],
 [10.0, 0.8295060108096342],
 [10.0, 2.2877711546088433],
 [10.0, 4.900970322023818],
 [0.0, 2.2262765870594126],
 [10.0, 0.05798929237701311]]
szukam lewej stycznej z [10.0, 5.397192878643388]
znaleziono lewa styczna 3
obecnie znana otoczka
[[10.0, 0.41632875891362],
 [10.0, 0.8295060108096342],
 [10.0, 2.2877711546088433],
 [10.0, 4.900970322023818],
 [10.0, 5.397192878643388],
 [0.0, 2.2262765870594126],
 [10.0, 0.05798929237701311]]
szukam lewej stycznej z [10.0, 6.025152883342918]
znaleziono lewa styczna 4
obecnie znana otoczka
[[10.0, 0.41632875891362],
 [10.0, 0.8295060108096342],
 [10.0, 2.2877711546088433],
 [10.0, 4.900970322023818],
 [10.0, 5.397192878643388],
 [10.0, 6.025152883342918],
 [0.0, 2.2262765870594126],
 [10.0, 0.05798929237701311]]
szukam lewej stycznej z [10.0, 7.222752944301373]
znaleziono lewa styczna 5
obecnie znana otoczka
[[10.0, 0.41632875891362],
 [10.0, 0.8295060108096342],
 [10.0, 2.2877711546088433],
 [10.0, 4.900970322023818],
 [10.0, 5.397192878643388],
 [10.0, 6.025152883342918],
 [10.0, 7.222752944301373],
 [0.0, 2.2262765870594126],
 [10.0, 0.05798929237701311]]
szukam lewej stycznej z [10.0, 8.092398336488602]
znaleziono lewa styczna 6
